<?xml version="1.0" encoding="UTF-8"?>
<!-- Generated by org.testng.reporters.JUnitXMLReporter -->
<testsuite ignored="0" hostname="SujithKumar1" failures="0" tests="6" name="TestCase" time="101.789" errors="0" timestamp="22 May 2021 11:05:57 GMT">
  <testcase classname="testsuite.TestCase" name="verifyingUpComingHondaBikesTest" time="18.735"/>
  <testcase classname="testsuite.TestCase" name="verifyPopularCarModel" time="7.31"/>
  <testcase classname="testsuite.TestCase" name="verifyLoginFunctionalTest" time="10.366"/>
  <testcase classname="testsuite.TestCase" name="displayUpcomingHondaBikesTest" time="14.512"/>
  <testcase classname="testsuite.TestCase" name="displayPopularUsedCarsModelsTest" time="9.68"/>
  <testcase classname="testsuite.TestCase" name="verifyLoginTest" time="19.194"/>
</testsuite> <!-- TestCase -->
