<?xml version="1.0" encoding="UTF-8"?>
<!-- Generated by org.testng.reporters.JUnitXMLReporter -->
<testsuite ignored="3" hostname="SujithKumar1" failures="0" tests="3" name="smokeTest" time="65.258" errors="0" timestamp="22 May 2021 10:19:01 GMT">
  <testcase classname="testsuite.TestCase" name="verifyingUpComingHondaBikesTest" time="17.522"/>
  <testcase classname="testsuite.TestCase" name="verifyPopularCarModel" time="22.707"/>
  <testcase classname="testsuite.TestCase" name="verifyLoginFunctionalTest" time="6.954"/>
  <testcase classname="testsuite.TestCase" name="displayPopularUsedCarsModelsTest" time="0.0">
    <ignored/>
  </testcase> <!-- displayPopularUsedCarsModelsTest -->
  <testcase classname="testsuite.TestCase" name="displayUpcomingHondaBikesTest" time="0.0">
    <ignored/>
  </testcase> <!-- displayUpcomingHondaBikesTest -->
  <testcase classname="testsuite.TestCase" name="verifyLoginTest" time="0.0">
    <ignored/>
  </testcase> <!-- verifyLoginTest -->
</testsuite> <!-- smokeTest -->
