<?xml version="1.0" encoding="UTF-8"?>
<!-- Generated by org.testng.reporters.JUnitXMLReporter -->
<testsuite ignored="3" hostname="LTIN237798" failures="0" tests="3" name="TestCase" time="0.059" errors="0" timestamp="2022-01-18T16:13:31 IST">
  <testcase classname="testsuite.TestCase" name="@BeforeTest callingBrowser" time="0.015">
    <failure type="java.lang.NoSuchMethodError" message="&amp;apos;org.openqa.selenium.chrome.ChromeOptions org.openqa.selenium.chrome.ChromeOptions.addArguments(java.lang.String[])&amp;apos;">
      <![CDATA[java.lang.NoSuchMethodError: 'org.openqa.selenium.chrome.ChromeOptions org.openqa.selenium.chrome.ChromeOptions.addArguments(java.lang.String[])'
at browserconfiguration.Browser.startChromeBrowser(Browser.java:67)
at browserconfiguration.Browser.setDriver(Browser.java:40)
at testsuite.TestCase.callingBrowser(TestCase.java:41)
... Removed 24 stack frames]]>
    </failure>
  </testcase> <!-- @BeforeTest callingBrowser -->
  <testcase classname="testsuite.TestCase" name="@AfterTest closingBrowser" time="-1.642502611786E9">
    <skipped/>
  </testcase> <!-- @AfterTest closingBrowser -->
  <testcase classname="testsuite.TestCase" name="displayUpcomingHondaBikesTest" time="0.0">
    <skipped/>
  </testcase> <!-- displayUpcomingHondaBikesTest -->
  <testcase classname="testsuite.TestCase" name="displayPopularUsedCarsModelsTest" time="0.0">
    <skipped/>
  </testcase> <!-- displayPopularUsedCarsModelsTest -->
  <testcase classname="testsuite.TestCase" name="verifyLoginTest" time="0.0">
    <skipped/>
  </testcase> <!-- verifyLoginTest -->
  <testcase classname="testsuite.TestCase" name="verifyingUpComingHondaBikesTest" time="0.0">
    <ignored/>
  </testcase> <!-- verifyingUpComingHondaBikesTest -->
  <testcase classname="testsuite.TestCase" name="verifyPopularCarModel" time="0.0">
    <ignored/>
  </testcase> <!-- verifyPopularCarModel -->
  <testcase classname="testsuite.TestCase" name="verifyLoginFunctionalTest" time="0.0">
    <ignored/>
  </testcase> <!-- verifyLoginFunctionalTest -->
</testsuite> <!-- TestCase -->
