<?xml version="1.0" encoding="UTF-8"?>
<!-- Generated by org.testng.reporters.JUnitXMLReporter -->
<testsuite ignored="3" hostname="SujithKumar1" failures="0" tests="3" name="RegressionTest" time="75.213" errors="0" timestamp="22 May 2021 10:16:53 GMT">
  <testcase classname="testsuite.TestCase" name="displayUpcomingHondaBikesTest" time="18.556"/>
  <testcase classname="testsuite.TestCase" name="displayPopularUsedCarsModelsTest" time="11.931"/>
  <testcase classname="testsuite.TestCase" name="verifyLoginTest" time="20.051"/>
  <testcase classname="testsuite.TestCase" name="verifyLoginFunctionalTest" time="0.0">
    <ignored/>
  </testcase> <!-- verifyLoginFunctionalTest -->
  <testcase classname="testsuite.TestCase" name="verifyingUpComingHondaBikesTest" time="0.0">
    <ignored/>
  </testcase> <!-- verifyingUpComingHondaBikesTest -->
  <testcase classname="testsuite.TestCase" name="verifyPopularCarModel" time="0.0">
    <ignored/>
  </testcase> <!-- verifyPopularCarModel -->
</testsuite> <!-- RegressionTest -->
